-----BEGIN CERTIFICATE-----
MIIDqDCCApCgAwIBAgIBATANBgkqhkiG9w0BAQsFADBCMQswCQYDVQQGEwJDQTEP
MA0GA1UECgwGTmV3Q0FPMRAwDgYDVQQLDAdOZXdDQU9VMRAwDgYDVQQDDAdOZXdD
QUNOMCoYEzIwMTcwMTIwMTMwODQwKzAwMDAYEzIwMjIwMjI4MTMwODQwKzAwMDAw
QjELMAkGA1UEBhMCQ0ExDzANBgNVBAoMBk5ld0NBTzEQMA4GA1UECwwHTmV3Q0FP
VTEQMA4GA1UEAwwHTmV3Q0FDTjCCASIwDQYJKoZIhvcNAQEBBQADggEPADCCAQoC
ggEBAM7D56LuoCvncePvUu0IZQDlgsDbgNCnsRyr0/wEwFgeCf4Fc4FZ59S4T6g9
3k5KmXffsNqx8mvbNbLIQwRx5rOmhbwWM6t/nDcsVAVfLmvMMlwLs47ch+4BZt52
mBNLlm7NFLgpr3D0L2QPxqicOnyVcGy1fjczJe5nT1yC5XrAZPClwqsU0OHjlDqU
JAKqD7pHtPkomTGe9GZ1ll89V2x9xaU3AuQVqPJiDcEbG1Px0muYCO7QarJy0y4X
LDRPYl7wSE88am22fmkEseyyuKUJtFCKI8xZdu5Ag2Fr8ZjG9PFcribij3yEOs3L
xeOSPwjUW5UOGW/VpxUZRWb4kAcCAwEAAaOBnDCBmTASBgNVHRMBAf8ECDAGAQH/
AgEAMB0GA1UdDgQWBBSsVMPe7N4heXTbNweyoectfGMIiTAOBgNVHQ8BAf8EBAMC
AYYwVAYDVR0jBE0wS6FGpEQwQjELMAkGA1UEBhMCQ0ExDzANBgNVBAoMBk5ld0NB
TzEQMA4GA1UECwwHTmV3Q0FPVTEQMA4GA1UEAwwHTmV3Q0FDToIBATANBgkqhkiG
9w0BAQsFAAOCAQEAbbSxzyMc16EAFccS5NmIInQ2J1IccEai9YgQ1cG7Cq0PvJOK
l0W6dXoA3LVaQ748n0241QzSuEONJN6kgN29DJn6mGxOwZB2lEWJvrT4QF1/isb8
HA0wKowM/Y98yPLr8aMy58CvlaxEJ5ZVQsBVyqb0Tw2ZE4mnr71NotaKK+1tABfW
Xzc+YXow+gjSHrk6yRJAA8/ELyi+wse9GzxLDQOqUp/avBHpnGYEay0xwad+JKOG
eocIvUvq1YkL+nRtg5AgLZL/OoyIgyyUcKbbRDtrQAG6D19SOi0zwR9+3OGAxTu2
XuaL3Fiw5fg2sFGFoHS65as0t5kKlzmA0Z7XAQ==
-----END CERTIFICATE-----
