-----BEGIN CMS-----
MIIF8QYJKoZIhvcNAQcCoIIF4jCCBd4CAQExDTALBglghkgBZQMEAgEwCwYJKoZI
hvcNAQcBoIIDWTCCA1UwggI9oAMCAQICCQDSA+tj/ecvDjANBgkqhkiG9w0BAQsF
ADBBMQswCQYDVQQGEwJDQTEUMBIGA1UEAwwLYWtpbnllbGUuY2ExDzANBgNVBAcM
Bk90dGF3YTELMAkGA1UECAwCT04wHhcNMTYwNjI5MTYwMTQ3WhcNMTcwNjI5MTYw
MTQ3WjBBMQswCQYDVQQGEwJDQTEUMBIGA1UEAwwLYWtpbnllbGUuY2ExDzANBgNV
BAcMBk90dGF3YTELMAkGA1UECAwCT04wggEiMA0GCSqGSIb3DQEBAQUAA4IBDwAw
ggEKAoIBAQDUv6kMU1rfLw03OhI+4VrA9+mdF9mujDr8dKNpGlblIurG8ZrdDOcp
4FRHLh7hJfspg9MOuur8XRaHZFyAl2Cdo95yBPxGXQfOcYxW70ijNIGDuoblqNj1
L7B9rPAqrwNoGfYk3W3crVzfksKKSP5Qqi4Y7QcmkB6uuRi18t/UpJXqReornnHP
TikF10hF/z1MfsUbG4VvIR0aDVPxXjm/0ppSp+NlCkOxAvelYbZN+3uIXlE1VPUm
wCzNFvKMYMNegLeyGGj4VUZ0GaFu/JX2nrabsgEutX9+lGy+qJDMg4Zz4iqVsuwd
oX62CtNkKDqmPsaa94OT3hcAJVvW7uIdAgMBAAGjUDBOMB0GA1UdDgQWBBSTtNrU
0IPfoPT2LEuuPF1NKJwxEjAfBgNVHSMEGDAWgBSTtNrU0IPfoPT2LEuuPF1NKJwx
EjAMBgNVHRMEBTADAQH/MA0GCSqGSIb3DQEBCwUAA4IBAQAV4Jbx0x/cHtFL9M+U
Cldc6LjWWhxoiw5auGFLsQykYLcJJtzJkFQt1B7FeXmGEvPzKoVWpJumPxqIrDjU
7OxgX0shTMf/LPjPMm80Ywh6fvBIHyak9DTzx8sx+Mp5W93+GR6Fih1/PZhpBsp6
kpu3Yb2kreBSVf4Hn/7Sw8dfkxBR7HL46V4v8uZo5EkSvhtqUt8ojrXPm8SNmZ/G
5P2qR0Hn0j7LNoIE1WohSQS5miUELumKlXd2Q1O5Eiep7RT8v2SzSV6aVFtUm+z8
ZMqHGhFBCB9bUjNP2Yn/4eNSZf5o5qV2racI+EHCfQx4cr4FUcXF8Mg29FKgzIfY
TQICMYICXjCCAloCAQEwTjBBMQswCQYDVQQGEwJDQTEUMBIGA1UEAwwLYWtpbnll
bGUuY2ExDzANBgNVBAcMBk90dGF3YTELMAkGA1UECAwCT04CCQDSA+tj/ecvDjAL
BglghkgBZQMEAgGggeQwGAYJKoZIhvcNAQkDMQsGCSqGSIb3DQEHATAcBgkqhkiG
9w0BCQUxDxcNMTYwNzIxMTYwODU2WjAvBgkqhkiG9w0BCQQxIgQglJDFXclHTCzX
p/3EOANQq6nQo4MOfgPHrEyeMbj7esoweQYJKoZIhvcNAQkPMWwwajALBglghkgB
ZQMEASowCwYJYIZIAWUDBAEWMAsGCWCGSAFlAwQBAjAKBggqhkiG9w0DBzAOBggq
hkiG9w0DAgICAIAwDQYIKoZIhvcNAwICAUAwBwYFKw4DAgcwDQYIKoZIhvcNAwIC
ASgwDQYJKoZIhvcNAQEBBQAEggEAA8nAhytfVqwVQ/DrNMPqnUI58OxCeh4+lRTa
+30iuXbIHbJh3TTr4M5/ULHNoFIC7ElkQ9jus9oAjI78MplWoTcCWCEezjH1kriB
cvTIMSMeLtuY2r78TPv2JOuRba/5NzICkmsUNwKAi2Jl/FtG3E7Am9Sr+6mRgPit
XemepJnPgR3jdZ2H1VOZ/RfQgSWNxsRExSAQCnXSmO7I3SKqxUl5t0wcIhE4rCIS
Yg47UmYdmt8ajnDQdrL9CdXzxLI2qsQMOCebxJP4hTUGqo4DnvTumiddJMU9xePw
sjKJDF0xQkpWKOVK+19a0buzGZObjvtaUZ/SZr5Yyg2iZSg45w==
-----END CMS-----
